This is pdfTeX, Version 3.141592653-2.6-1.40.23 (TeX Live 2022/dev) (preloaded format=pdflatex 2021.8.26)  7 DEC 2021 20:23
entering extended mode
 restricted \write18 enabled.
 %&-line parsing enabled.
**HW4.tex
(./HW4.tex
LaTeX2e <2021-06-01> patch level 1
L3 programming layer <2021-07-12>
(/Users/taequn/Library/TinyTeX/texmf-dist/tex/latex/base/article.cls
Document Class: article 2021/02/12 v1.4n Standard LaTeX document class
(/Users/taequn/Library/TinyTeX/texmf-dist/tex/latex/base/size10.clo
File: size10.clo 2021/02/12 v1.4n Standard LaTeX file (size option)
)
\c@part=\count182
\c@section=\count183
\c@subsection=\count184
\c@subsubsection=\count185
\c@paragraph=\count186
\c@subparagraph=\count187
\c@figure=\count188
\c@table=\count189
\abovecaptionskip=\skip47
\belowcaptionskip=\skip48
\bibindent=\dimen138
)
(/Users/taequn/Library/TinyTeX/texmf-dist/tex/latex/graphics/graphicx.sty
Package: graphicx 2020/12/05 v1.2c Enhanced LaTeX Graphics (DPC,SPQR)

(/Users/taequn/Library/TinyTeX/texmf-dist/tex/latex/graphics/keyval.sty
Package: keyval 2014/10/28 v1.15 key=value parser (DPC)
\KV@toks@=\toks16
)
(/Users/taequn/Library/TinyTeX/texmf-dist/tex/latex/graphics/graphics.sty
Package: graphics 2021/03/04 v1.4d Standard LaTeX Graphics (DPC,SPQR)

(/Users/taequn/Library/TinyTeX/texmf-dist/tex/latex/graphics/trig.sty
Package: trig 2016/01/03 v1.10 sin cos tan (DPC)
)
(/Users/taequn/Library/TinyTeX/texmf-dist/tex/latex/graphics-cfg/graphics.cfg
File: graphics.cfg 2016/06/04 v1.11 sample graphics configuration
)
Package graphics Info: Driver file: pdftex.def on input line 107.

(/Users/taequn/Library/TinyTeX/texmf-dist/tex/latex/graphics-def/pdftex.def
File: pdftex.def 2020/10/05 v1.2a Graphics/color driver for pdftex
))
\Gin@req@height=\dimen139
\Gin@req@width=\dimen140
)
(/Users/taequn/Library/TinyTeX/texmf-dist/tex/latex/graphics/color.sty
Package: color 2020/02/24 v1.2b Standard LaTeX Color (DPC)

(/Users/taequn/Library/TinyTeX/texmf-dist/tex/latex/graphics-cfg/color.cfg
File: color.cfg 2016/01/02 v1.6 sample color configuration
)
Package color Info: Driver file: pdftex.def on input line 149.
)
(/Users/taequn/Library/TinyTeX/texmf-dist/tex/latex/framed/framed.sty
Package: framed 2011/10/22 v 0.96: framed or shaded text with page breaks
\OuterFrameSep=\skip49
\fb@frw=\dimen141
\fb@frh=\dimen142
\FrameRule=\dimen143
\FrameSep=\dimen144
)
(/Users/taequn/Library/TinyTeX/texmf-dist/tex/latex/base/alltt.sty
Package: alltt 2021/01/29 v2.0g defines alltt environment
)
(/Users/taequn/Library/TinyTeX/texmf-dist/tex/latex/amsmath/amsmath.sty
Package: amsmath 2021/04/20 v2.17j AMS math features
\@mathmargin=\skip50

For additional information on amsmath, use the `?' option.
(/Users/taequn/Library/TinyTeX/texmf-dist/tex/latex/amsmath/amstext.sty
Package: amstext 2000/06/29 v2.01 AMS text

(/Users/taequn/Library/TinyTeX/texmf-dist/tex/latex/amsmath/amsgen.sty
File: amsgen.sty 1999/11/30 v2.0 generic functions
\@emptytoks=\toks17
\ex@=\dimen145
))
(/Users/taequn/Library/TinyTeX/texmf-dist/tex/latex/amsmath/amsbsy.sty
Package: amsbsy 1999/11/29 v1.2d Bold Symbols
\pmbraise@=\dimen146
)
(/Users/taequn/Library/TinyTeX/texmf-dist/tex/latex/amsmath/amsopn.sty
Package: amsopn 2016/03/08 v2.02 operator names
)
\inf@bad=\count190
LaTeX Info: Redefining \frac on input line 234.
\uproot@=\count191
\leftroot@=\count192
LaTeX Info: Redefining \overline on input line 399.
\classnum@=\count193
\DOTSCASE@=\count194
LaTeX Info: Redefining \ldots on input line 496.
LaTeX Info: Redefining \dots on input line 499.
LaTeX Info: Redefining \cdots on input line 620.
\Mathstrutbox@=\box50
\strutbox@=\box51
\big@size=\dimen147
LaTeX Font Info:    Redeclaring font encoding OML on input line 743.
LaTeX Font Info:    Redeclaring font encoding OMS on input line 744.
\macc@depth=\count195
\c@MaxMatrixCols=\count196
\dotsspace@=\muskip16
\c@parentequation=\count197
\dspbrk@lvl=\count198
\tag@help=\toks18
\row@=\count199
\column@=\count266
\maxfields@=\count267
\andhelp@=\toks19
\eqnshift@=\dimen148
\alignsep@=\dimen149
\tagshift@=\dimen150
\tagwidth@=\dimen151
\totwidth@=\dimen152
\lineht@=\dimen153
\@envbody=\toks20
\multlinegap=\skip51
\multlinetaggap=\skip52
\mathdisplay@stack=\toks21
LaTeX Info: Redefining \[ on input line 2923.
LaTeX Info: Redefining \] on input line 2924.
)
(/Users/taequn/Library/TinyTeX/texmf-dist/tex/latex/amsfonts/amsfonts.sty
Package: amsfonts 2013/01/14 v3.01 Basic AMSFonts support
\symAMSa=\mathgroup4
\symAMSb=\mathgroup5
LaTeX Font Info:    Redeclaring math symbol \hbar on input line 98.
LaTeX Font Info:    Overwriting math alphabet `\mathfrak' in version `bold'
(Font)                  U/euf/m/n --> U/euf/b/n on input line 106.
)
(/Users/taequn/Library/TinyTeX/texmf-dist/tex/latex/hyperref/hyperref.sty
Package: hyperref 2021-06-07 v7.00m Hypertext links for LaTeX

(/Users/taequn/Library/TinyTeX/texmf-dist/tex/generic/ltxcmds/ltxcmds.sty
Package: ltxcmds 2020-05-10 v1.25 LaTeX kernel commands for general use (HO)
)
(/Users/taequn/Library/TinyTeX/texmf-dist/tex/generic/iftex/iftex.sty
Package: iftex 2020/03/06 v1.0d TeX engine tests
)
(/Users/taequn/Library/TinyTeX/texmf-dist/tex/generic/pdftexcmds/pdftexcmds.sty
Package: pdftexcmds 2020-06-27 v0.33 Utility functions of pdfTeX for LuaTeX (HO
)
(/Users/taequn/Library/TinyTeX/texmf-dist/tex/generic/infwarerr/infwarerr.sty
Package: infwarerr 2019/12/03 v1.5 Providing info/warning/error messages (HO)
)
Package pdftexcmds Info: \pdf@primitive is available.
Package pdftexcmds Info: \pdf@ifprimitive is available.
Package pdftexcmds Info: \pdfdraftmode found.
) (/Users/taequn/Library/TinyTeX/texmf-dist/tex/generic/kvsetkeys/kvsetkeys.sty
Package: kvsetkeys 2019/12/15 v1.18 Key value parser (HO)
)
(/Users/taequn/Library/TinyTeX/texmf-dist/tex/generic/kvdefinekeys/kvdefinekeys
.sty
Package: kvdefinekeys 2019-12-19 v1.6 Define keys (HO)
)
(/Users/taequn/Library/TinyTeX/texmf-dist/tex/generic/pdfescape/pdfescape.sty
Package: pdfescape 2019/12/09 v1.15 Implements pdfTeX's escape features (HO)
)
(/Users/taequn/Library/TinyTeX/texmf-dist/tex/latex/hycolor/hycolor.sty
Package: hycolor 2020-01-27 v1.10 Color options for hyperref/bookmark (HO)
)
(/Users/taequn/Library/TinyTeX/texmf-dist/tex/latex/letltxmacro/letltxmacro.sty
Package: letltxmacro 2019/12/03 v1.6 Let assignment for LaTeX macros (HO)
) (/Users/taequn/Library/TinyTeX/texmf-dist/tex/latex/auxhook/auxhook.sty
Package: auxhook 2019-12-17 v1.6 Hooks for auxiliary files (HO)
)
(/Users/taequn/Library/TinyTeX/texmf-dist/tex/latex/kvoptions/kvoptions.sty
Package: kvoptions 2020-10-07 v3.14 Key value format for package options (HO)
)
\@linkdim=\dimen154
\Hy@linkcounter=\count268
\Hy@pagecounter=\count269

(/Users/taequn/Library/TinyTeX/texmf-dist/tex/latex/hyperref/pd1enc.def
File: pd1enc.def 2021-06-07 v7.00m Hyperref: PDFDocEncoding definition (HO)
Now handling font encoding PD1 ...
... no UTF-8 mapping file for font encoding PD1
)
(/Users/taequn/Library/TinyTeX/texmf-dist/tex/latex/hyperref/hyperref-langpatch
es.def
File: hyperref-langpatches.def 2021-06-07 v7.00m Hyperref: patches for babel la
nguages
)
(/Users/taequn/Library/TinyTeX/texmf-dist/tex/generic/intcalc/intcalc.sty
Package: intcalc 2019/12/15 v1.3 Expandable calculations with integers (HO)
)
(/Users/taequn/Library/TinyTeX/texmf-dist/tex/generic/etexcmds/etexcmds.sty
Package: etexcmds 2019/12/15 v1.7 Avoid name clashes with e-TeX commands (HO)
)
\Hy@SavedSpaceFactor=\count270

(/Users/taequn/Library/TinyTeX/texmf-dist/tex/latex/hyperref/puenc.def
File: puenc.def 2021-06-07 v7.00m Hyperref: PDF Unicode definition (HO)
Now handling font encoding PU ...
... no UTF-8 mapping file for font encoding PU
)
Package hyperref Info: Hyper figures OFF on input line 4192.
Package hyperref Info: Link nesting OFF on input line 4197.
Package hyperref Info: Hyper index ON on input line 4200.
Package hyperref Info: Plain pages OFF on input line 4207.
Package hyperref Info: Backreferencing OFF on input line 4212.
Package hyperref Info: Implicit mode ON; LaTeX internals redefined.
Package hyperref Info: Bookmarks ON on input line 4445.
\c@Hy@tempcnt=\count271

(/Users/taequn/Library/TinyTeX/texmf-dist/tex/latex/url/url.sty
\Urlmuskip=\muskip17
Package: url 2013/09/16  ver 3.4  Verb mode for urls, etc.
)
LaTeX Info: Redefining \url on input line 4804.
\XeTeXLinkMargin=\dimen155

(/Users/taequn/Library/TinyTeX/texmf-dist/tex/generic/bitset/bitset.sty
Package: bitset 2019/12/09 v1.3 Handle bit-vector datatype (HO)

(/Users/taequn/Library/TinyTeX/texmf-dist/tex/generic/bigintcalc/bigintcalc.sty
Package: bigintcalc 2019/12/15 v1.5 Expandable calculations on big integers (HO
)
))
\Fld@menulength=\count272
\Field@Width=\dimen156
\Fld@charsize=\dimen157
Package hyperref Info: Hyper figures OFF on input line 6076.
Package hyperref Info: Link nesting OFF on input line 6081.
Package hyperref Info: Hyper index ON on input line 6084.
Package hyperref Info: backreferencing OFF on input line 6091.
Package hyperref Info: Link coloring OFF on input line 6096.
Package hyperref Info: Link coloring with OCG OFF on input line 6101.
Package hyperref Info: PDF/A mode OFF on input line 6106.
LaTeX Info: Redefining \ref on input line 6146.
LaTeX Info: Redefining \pageref on input line 6150.
 (/Users/taequn/Library/TinyTeX/texmf-dist/tex/latex/base/atbegshi-ltx.sty
Package: atbegshi-ltx 2021/01/10 v1.0c Emulation of the original atbegshi
package with kernel methods
)
\Hy@abspage=\count273
\c@Item=\count274
\c@Hfootnote=\count275
)
Package hyperref Info: Driver (autodetected): hpdftex.

(/Users/taequn/Library/TinyTeX/texmf-dist/tex/latex/hyperref/hpdftex.def
File: hpdftex.def 2021-06-07 v7.00m Hyperref driver for pdfTeX

(/Users/taequn/Library/TinyTeX/texmf-dist/tex/latex/base/atveryend-ltx.sty
Package: atveryend-ltx 2020/08/19 v1.0a Emulation of the original atvery packag
e
with kernel methods
)
\Fld@listcount=\count276
\c@bookmark@seq@number=\count277

(/Users/taequn/Library/TinyTeX/texmf-dist/tex/latex/rerunfilecheck/rerunfileche
ck.sty
Package: rerunfilecheck 2019/12/05 v1.9 Rerun checks for auxiliary files (HO)

(/Users/taequn/Library/TinyTeX/texmf-dist/tex/generic/uniquecounter/uniquecount
er.sty
Package: uniquecounter 2019/12/15 v1.4 Provide unlimited unique counter (HO)
)
Package uniquecounter Info: New unique counter `rerunfilecheck' on input line 2
86.
)
\Hy@SectionHShift=\skip53
)
Package hyperref Info: Option `colorlinks' set `true' on input line 59.
 (/Users/taequn/Library/TinyTeX/texmf-dist/tex/latex/natbib/natbib.sty
Package: natbib 2010/09/13 8.31b (PWD, AO)
\bibhang=\skip54
\bibsep=\skip55
LaTeX Info: Redefining \cite on input line 694.
\c@NAT@ctr=\count278
) (/Users/taequn/Library/TinyTeX/texmf-dist/tex/latex/geometry/geometry.sty
Package: geometry 2020/01/02 v5.9 Page Geometry

(/Users/taequn/Library/TinyTeX/texmf-dist/tex/generic/iftex/ifvtex.sty
Package: ifvtex 2019/10/25 v1.7 ifvtex legacy package. Use iftex instead.
)
\Gm@cnth=\count279
\Gm@cntv=\count280
\c@Gm@tempcnt=\count281
\Gm@bindingoffset=\dimen158
\Gm@wd@mp=\dimen159
\Gm@odd@mp=\dimen160
\Gm@even@mp=\dimen161
\Gm@layoutwidth=\dimen162
\Gm@layoutheight=\dimen163
\Gm@layouthoffset=\dimen164
\Gm@layoutvoffset=\dimen165
\Gm@dimlist=\toks22
)
(/Users/taequn/Library/TinyTeX/texmf-dist/tex/latex/float/float.sty
Package: float 2001/11/08 v1.3d Float enhancements (AL)
\c@float@type=\count282
\float@exts=\toks23
\float@box=\box52
\@float@everytoks=\toks24
\@floatcapt=\box53
)
(/Users/taequn/Library/TinyTeX/texmf-dist/tex/latex/l3backend/l3backend-pdftex.
def
File: l3backend-pdftex.def 2021-08-04 L3 backend support: PDF output (pdfTeX)
\l__color_backend_stack_int=\count283
\l__pdf_internal_box=\box54
) (./HW4.aux)
\openout1 = `HW4.aux'.

LaTeX Font Info:    Checking defaults for OML/cmm/m/it on input line 65.
LaTeX Font Info:    ... okay on input line 65.
LaTeX Font Info:    Checking defaults for OMS/cmsy/m/n on input line 65.
LaTeX Font Info:    ... okay on input line 65.
LaTeX Font Info:    Checking defaults for OT1/cmr/m/n on input line 65.
LaTeX Font Info:    ... okay on input line 65.
LaTeX Font Info:    Checking defaults for T1/cmr/m/n on input line 65.
LaTeX Font Info:    ... okay on input line 65.
LaTeX Font Info:    Checking defaults for TS1/cmr/m/n on input line 65.
LaTeX Font Info:    ... okay on input line 65.
LaTeX Font Info:    Checking defaults for OMX/cmex/m/n on input line 65.
LaTeX Font Info:    ... okay on input line 65.
LaTeX Font Info:    Checking defaults for U/cmr/m/n on input line 65.
LaTeX Font Info:    ... okay on input line 65.
LaTeX Font Info:    Checking defaults for PD1/pdf/m/n on input line 65.
LaTeX Font Info:    ... okay on input line 65.
LaTeX Font Info:    Checking defaults for PU/pdf/m/n on input line 65.
LaTeX Font Info:    ... okay on input line 65.

(/Users/taequn/Library/TinyTeX/texmf-dist/tex/latex/epstopdf-pkg/epstopdf-base.
sty
Package: epstopdf-base 2020-01-24 v2.11 Base part for package epstopdf
Package epstopdf-base Info: Redefining graphics rule for `.eps' on input line 4
85.

(/Users/taequn/Library/TinyTeX/texmf-dist/tex/latex/latexconfig/epstopdf-sys.cf
g
File: epstopdf-sys.cfg 2010/07/13 v1.3 Configuration of (r)epstopdf for TeX Liv
e
))
Package hyperref Info: Link coloring ON on input line 65.
 (/Users/taequn/Library/TinyTeX/texmf-dist/tex/latex/hyperref/nameref.sty
Package: nameref 2021-04-02 v2.47 Cross-referencing by name of section

(/Users/taequn/Library/TinyTeX/texmf-dist/tex/latex/refcount/refcount.sty
Package: refcount 2019/12/15 v3.6 Data extraction from label references (HO)
)
(/Users/taequn/Library/TinyTeX/texmf-dist/tex/generic/gettitlestring/gettitlest
ring.sty
Package: gettitlestring 2019/12/15 v1.6 Cleanup title references (HO)
)
\c@section@level=\count284
)
LaTeX Info: Redefining \ref on input line 65.
LaTeX Info: Redefining \pageref on input line 65.
LaTeX Info: Redefining \nameref on input line 65.
 (./HW4.out) (./HW4.out)
\@outlinefile=\write3
\openout3 = `HW4.out'.


*geometry* driver: auto-detecting
*geometry* detected driver: pdftex
*geometry* verbose mode - [ preamble ] result:
* driver: pdftex
* paper: <default>
* layout: <same size as paper>
* layoutoffset:(h,v)=(0.0pt,0.0pt)
* modes: 
* h-part:(L,W,R)=(54.2025pt, 505.89pt, 54.2025pt)
* v-part:(T,H,B)=(54.2025pt, 686.56499pt, 54.2025pt)
* \paperwidth=614.295pt
* \paperheight=794.96999pt
* \textwidth=505.89pt
* \textheight=686.56499pt
* \oddsidemargin=-18.06749pt
* \evensidemargin=-18.06749pt
* \topmargin=-55.06749pt
* \headheight=12.0pt
* \headsep=25.0pt
* \topskip=10.0pt
* \footskip=30.0pt
* \marginparwidth=65.0pt
* \marginparsep=11.0pt
* \columnsep=10.0pt
* \skip\footins=9.0pt plus 4.0pt minus 2.0pt
* \hoffset=0.0pt
* \voffset=0.0pt
* \mag=1000
* \@twocolumnfalse
* \@twosidefalse
* \@mparswitchfalse
* \@reversemarginfalse
* (1in=72.27pt=25.4mm, 1cm=28.453pt)

Package color Info: Redefining color shadecolor on input line 99.

Overfull \hbox (764.34937pt too wide) in paragraph at lines 101--101
[][]\OT1/cmtt/m/n/10 "To assess any significant difference we need ot run a t-s
ample proportion test, but since we only have the information on the proportion
 of the people seeing beneficial affect in the above question, it is not suffic
ient information"[][] 
 []


Overfull \hbox (801.09904pt too wide) in paragraph at lines 105--105
[]\OT1/cmtt/m/n/10 ## [1] "To assess any significant difference we need ot run 
a t-sample proportion test, but since we only have the information on the propo
rtion of the people seeing beneficial affect in the above question, it is not s
ufficient information"[] 
 []

Package color Info: Redefining color shadecolor on input line 116.
LaTeX Font Info:    Trying to load font information for TS1+cmtt on input line 
119.
(/Users/taequn/Library/TinyTeX/texmf-dist/tex/latex/base/ts1cmtt.fd
File: ts1cmtt.fd 2019/12/16 v2.5j Standard LaTeX font definitions
)
LaTeX Font Info:    Font shape `OT1/cmtt/bx/n' in size <10> not available
(Font)              Font shape `OT1/cmtt/m/n' tried instead on input line 124.
 [1

{/Users/taequn/Library/TinyTeX/texmf-var/fonts/map/pdftex/updmap/pdftex.map}]
Package color Info: Redefining color shadecolor on input line 161.

Overfull \hbox (18.29213pt too wide) in paragraph at lines 178--178
[][]\OT1/cmtt/m/it/10 # There is a significant difference between 2 and 3 and 1
 and 3 success proportions. So[][] 
 []


Overfull \hbox (34.04199pt too wide) in paragraph at lines 179--179
[][]\OT1/cmtt/m/it/10 # 1 and 2 are better than 3. But if we have alpha = 0.05 
then there is also a significant [][] 
 []

[2]
LaTeX Font Info:    Trying to load font information for U+msa on input line 196
.
 (/Users/taequn/Library/TinyTeX/texmf-dist/tex/latex/amsfonts/umsa.fd
File: umsa.fd 2013/01/14 v3.01 AMS symbols A
)
LaTeX Font Info:    Trying to load font information for U+msb on input line 196
.

(/Users/taequn/Library/TinyTeX/texmf-dist/tex/latex/amsfonts/umsb.fd
File: umsb.fd 2013/01/14 v3.01 AMS symbols B
)
Underfull \hbox (badness 10000) in paragraph at lines 194--199

 []

Package color Info: Redefining color shadecolor on input line 212.
<figure/unnamed-chunk-4-1.pdf, id=30, 505.89pt x 505.89pt>
File: figure/unnamed-chunk-4-1.pdf Graphic file (type pdf)
<use figure/unnamed-chunk-4-1.pdf>
Package pdftex.def Info: figure/unnamed-chunk-4-1.pdf  used on input line 227.
(pdftex.def)             Requested size: 458.88997pt x 458.90167pt.
[3]
Underfull \hbox (badness 10000) in paragraph at lines 229--232

 []

[4 <./figure/unnamed-chunk-4-1.pdf>]
Package color Info: Redefining color shadecolor on input line 268.
LaTeX Font Info:    Trying to load font information for OMS+cmtt on input line 
272.

(/Library/Frameworks/R.framework/Resources/share/texmf/tex/latex/omscmtt.fd
File: omscmtt.fd 
)
LaTeX Font Info:    Font shape `OMS/cmtt/m/n' in size <10> not available
(Font)              Font shape `OMS/cmsy/m/n' tried instead on input line 272.

[5]
Package color Info: Redefining color shadecolor on input line 364.
Package color Info: Redefining color shadecolor on input line 375.
Package color Info: Redefining color shadecolor on input line 393.
 [6]
Package color Info: Redefining color shadecolor on input line 414.
Package color Info: Redefining color shadecolor on input line 435.

Underfull \hbox (badness 10000) in paragraph at lines 450--453

 []

Package color Info: Redefining color shadecolor on input line 455.
LaTeX Font Info:    Font shape `OMS/cmtt/m/it' in size <10> not available
(Font)              Font shape `OMS/cmsy/m/n' tried instead on input line 463.
[7]
Package color Info: Redefining color shadecolor on input line 499.
<figure/unnamed-chunk-12-1.pdf, id=73, 505.89pt x 505.89pt>
File: figure/unnamed-chunk-12-1.pdf Graphic file (type pdf)
<use figure/unnamed-chunk-12-1.pdf>
Package pdftex.def Info: figure/unnamed-chunk-12-1.pdf  used on input line 515.

(pdftex.def)             Requested size: 458.88997pt x 458.90167pt.
 [8 <./figure/unnamed-chunk-12-1.pdf>]
Package color Info: Redefining color shadecolor on input line 524.
<figure/unnamed-chunk-13-1.pdf, id=89, 505.89pt x 505.89pt>
File: figure/unnamed-chunk-13-1.pdf Graphic file (type pdf)
<use figure/unnamed-chunk-13-1.pdf>
Package pdftex.def Info: figure/unnamed-chunk-13-1.pdf  used on input line 539.

(pdftex.def)             Requested size: 458.88997pt x 458.90167pt.
 [9 <./figure/unnamed-chunk-13-1.pdf>]
Package color Info: Redefining color shadecolor on input line 550.
Package color Info: Redefining color shadecolor on input line 561.
<figure/unnamed-chunk-15-1.pdf, id=104, 505.89pt x 505.89pt>
File: figure/unnamed-chunk-15-1.pdf Graphic file (type pdf)
<use figure/unnamed-chunk-15-1.pdf>
Package pdftex.def Info: figure/unnamed-chunk-15-1.pdf  used on input line 567.

(pdftex.def)             Requested size: 458.88997pt x 458.90167pt.
Package color Info: Redefining color shadecolor on input line 578.
[10 <./figure/unnamed-chunk-15-1.pdf>]
<figure/unnamed-chunk-16-1.pdf, id=118, 505.89pt x 505.89pt>
File: figure/unnamed-chunk-16-1.pdf Graphic file (type pdf)
<use figure/unnamed-chunk-16-1.pdf>
Package pdftex.def Info: figure/unnamed-chunk-16-1.pdf  used on input line 593.

(pdftex.def)             Requested size: 458.88997pt x 458.90167pt.
Package color Info: Redefining color shadecolor on input line 608.
 [11 <./figure/unnamed-chunk-16-1.pdf>]
<figure/unnamed-chunk-17-1.pdf, id=133, 505.89pt x 505.89pt>
File: figure/unnamed-chunk-17-1.pdf Graphic file (type pdf)
<use figure/unnamed-chunk-17-1.pdf>
Package pdftex.def Info: figure/unnamed-chunk-17-1.pdf  used on input line 614.

(pdftex.def)             Requested size: 458.88997pt x 458.90167pt.
Package color Info: Redefining color shadecolor on input line 624.

[12 <./figure/unnamed-chunk-17-1.pdf>]
<figure/unnamed-chunk-18-1.pdf, id=149, 505.89pt x 505.89pt>
File: figure/unnamed-chunk-18-1.pdf Graphic file (type pdf)
<use figure/unnamed-chunk-18-1.pdf>
Package pdftex.def Info: figure/unnamed-chunk-18-1.pdf  used on input line 640.

(pdftex.def)             Requested size: 458.88997pt x 458.90167pt.
Package color Info: Redefining color shadecolor on input line 647.
<figure/unnamed-chunk-19-1.pdf, id=150, 505.89pt x 505.89pt>
File: figure/unnamed-chunk-19-1.pdf Graphic file (type pdf)
<use figure/unnamed-chunk-19-1.pdf>
Package pdftex.def Info: figure/unnamed-chunk-19-1.pdf  used on input line 653.

(pdftex.def)             Requested size: 458.88997pt x 458.90167pt.
 [13 <./figure/unnamed-chunk-18-1.pdf>]
Package color Info: Redefining color shadecolor on input line 665.
Package color Info: Redefining color shadecolor on input line 677.
Package color Info: Redefining color shadecolor on input line 685.

[14 <./figure/unnamed-chunk-19-1.pdf>]
Package color Info: Redefining color shadecolor on input line 723.
<figure/unnamed-chunk-23-1.pdf, id=183, 505.89pt x 505.89pt>
File: figure/unnamed-chunk-23-1.pdf Graphic file (type pdf)
<use figure/unnamed-chunk-23-1.pdf>
Package pdftex.def Info: figure/unnamed-chunk-23-1.pdf  used on input line 734.

(pdftex.def)             Requested size: 458.88997pt x 458.90167pt.
 [15]
Package color Info: Redefining color shadecolor on input line 738.
Package color Info: Redefining color shadecolor on input line 747.
Package color Info: Redefining color shadecolor on input line 755.
Package color Info: Redefining color shadecolor on input line 763.
Package color Info: Redefining color shadecolor on input line 773.
 [16 <./figure/unnamed-chunk-23-1.pdf>]
<figure/unnamed-chunk-28-1.pdf, id=207, 505.89pt x 505.89pt>
File: figure/unnamed-chunk-28-1.pdf Graphic file (type pdf)
<use figure/unnamed-chunk-28-1.pdf>
Package pdftex.def Info: figure/unnamed-chunk-28-1.pdf  used on input line 787.

(pdftex.def)             Requested size: 440.19pt x 440.19792pt.
Package color Info: Redefining color shadecolor on input line 791.
<figure/unnamed-chunk-29-1.pdf, id=208, 505.89pt x 505.89pt>
File: figure/unnamed-chunk-29-1.pdf Graphic file (type pdf)
<use figure/unnamed-chunk-29-1.pdf>
Package pdftex.def Info: figure/unnamed-chunk-29-1.pdf  used on input line 796.

(pdftex.def)             Requested size: 440.19pt x 440.19792pt.
 [17 <./figure/unnamed-chunk-28-1.pdf>]
Package color Info: Redefining color shadecolor on input line 800.

Underfull \vbox (badness 5105) detected at line 821
 []

[18 <./figure/unnamed-chunk-29-1.pdf>]
<figure/unnamed-chunk-30-1.pdf, id=231, 505.89pt x 505.89pt>
File: figure/unnamed-chunk-30-1.pdf Graphic file (type pdf)
<use figure/unnamed-chunk-30-1.pdf>
Package pdftex.def Info: figure/unnamed-chunk-30-1.pdf  used on input line 822.

(pdftex.def)             Requested size: 440.19pt x 440.19792pt.
Package color Info: Redefining color shadecolor on input line 828.
 [19 <./figure/unnamed-chunk-30-1.pdf>]
Package color Info: Redefining color shadecolor on input line 867.
Package color Info: Redefining color shadecolor on input line 904.

Overfull \hbox (53.3057pt too wide) in paragraph at lines 916--916
[]\OT1/cmtt/m/n/10 ## Warning in .recacheSubclasses(def@className, def, env): u
ndefined subclass "numericVector"
 []

[20]
Package color Info: Redefining color shadecolor on input line 936.
<figure/unnamed-chunk-34-1.pdf, id=251, 505.89pt x 505.89pt>
File: figure/unnamed-chunk-34-1.pdf Graphic file (type pdf)
<use figure/unnamed-chunk-34-1.pdf>
Package pdftex.def Info: figure/unnamed-chunk-34-1.pdf  used on input line 963.

(pdftex.def)             Requested size: 440.19pt x 440.19792pt.
 [21]
Package color Info: Redefining color shadecolor on input line 967.
Package color Info: Redefining color shadecolor on input line 982.
 [22 <./figure/unnamed-chunk-34-1.pdf>] (./HW4.bbl) [23] (./HW4.aux)
Package rerunfilecheck Info: File `HW4.out' has not changed.
(rerunfilecheck)             Checksum: D41D8CD98F00B204E9800998ECF8427E;0.
 ) 
Here is how much of TeX's memory you used:
 9466 strings out of 480502
 142284 string characters out of 5898668
 471895 words of memory out of 5000000
 26938 multiletter control sequences out of 15000+600000
 407357 words of font info for 43 fonts, out of 8000000 for 9000
 14 hyphenation exceptions out of 8191
 60i,5n,66p,310b,630s stack positions out of 5000i,500n,10000p,200000b,80000s
 </Users/taequn/Library/TinyTeX/texmf-var/fonts/pk/ljfour/jknappen/ec/tcit100
0.600pk> </Users/taequn/Library/TinyTeX/texmf-var/fonts/pk/ljfour/jknappen/ec/t
crm1000.600pk></Users/taequn/Library/TinyTeX/texmf-dist/fonts/type1/public/amsf
onts/cm/cmbx10.pfb></Users/taequn/Library/TinyTeX/texmf-dist/fonts/type1/public
/amsfonts/cm/cmbx12.pfb></Users/taequn/Library/TinyTeX/texmf-dist/fonts/type1/p
ublic/amsfonts/cm/cmex10.pfb></Users/taequn/Library/TinyTeX/texmf-dist/fonts/ty
pe1/public/amsfonts/cm/cmitt10.pfb></Users/taequn/Library/TinyTeX/texmf-dist/fo
nts/type1/public/amsfonts/cm/cmmi10.pfb></Users/taequn/Library/TinyTeX/texmf-di
st/fonts/type1/public/amsfonts/cm/cmr10.pfb></Users/taequn/Library/TinyTeX/texm
f-dist/fonts/type1/public/amsfonts/cm/cmr7.pfb></Users/taequn/Library/TinyTeX/t
exmf-dist/fonts/type1/public/amsfonts/cm/cmsy10.pfb></Users/taequn/Library/Tiny
TeX/texmf-dist/fonts/type1/public/amsfonts/cm/cmti10.pfb></Users/taequn/Library
/TinyTeX/texmf-dist/fonts/type1/public/amsfonts/cm/cmtt10.pfb>
Output written on HW4.pdf (23 pages, 655743 bytes).
PDF statistics:
 342 PDF objects out of 1000 (max. 8388607)
 266 compressed objects within 3 object streams
 62 named destinations out of 1000 (max. 500000)
 66 words of extra memory for PDF output out of 10000 (max. 10000000)

